-------------------------------------------------------------------------------
Test set: runner.ApiRunnerTest
-------------------------------------------------------------------------------
Tests run: 116, Failures: 2, Errors: 16, Skipped: 60, Time elapsed: 37.285 sec <<< FAILURE!
Then I can get correct response field name(| 2816548240 |)  Time elapsed: 0.005 sec  <<< FAILURE!
java.lang.AssertionError
	at org.junit.Assert.fail(Assert.java:86)
	at org.junit.Assert.fail(Assert.java:95)
	at stepDefinitions.VerifyResponseFields.iCanGetCorrectResponseFieldName(VerifyResponseFields.java:38)
	at ✽.Then I can get correct response field name(src/test/resources/Feature/policyEnquery.feature:29)

| 2816548240 |  Time elapsed: 0.006 sec  <<< FAILURE!
java.lang.AssertionError
	at org.junit.Assert.fail(Assert.java:86)
	at org.junit.Assert.fail(Assert.java:95)
	at stepDefinitions.VerifyResponseFields.iCanGetCorrectResponseFieldName(VerifyResponseFields.java:38)
	at ✽.Then I can get correct response field name(src/test/resources/Feature/policyEnquery.feature:29)

Then I get correct policyNumber "2816548240"(| 2816548240 | SS029 |)  Time elapsed: 0.002 sec  <<< ERROR!
com.fasterxml.jackson.databind.exc.UnrecognizedPropertyException: Unrecognized field "mcIndicator" (class bodyResponseFields.PolicyInsured), not marked as ignorable (6 known properties: "sexCode", "clientNumber", "clientName", "coverages", "birthdate", "idNumber"])
 at [Source: (String)"{"policy":{"policyNumber":"2816548240","excludeInfo":"Question for customer:Chu Triệu Hải Question for customer:Nguyễn Ngọc Lân ","bancaInd":"N","agentCode":"SS029","agentMobile":"SS0292","agentName":"Agent SS029","locationCode":"SSO01","gracePeriod":"Y","ostPrem":70570.0},"policyOwner":{"clientNumber":"2802978231","clientName":"Client 2802978231","idNumber":"280297823","idIssueDate":"20150430","idIssuePlace":"Cục Trưởng Cục CS ĐKQL Cư Trú Và DLQG Về Dân Cư","sexCode":"F","birthdate":"19690517","[truncated 757 chars]; line: 1, column: 831] (through reference chain: bodyResponseFields.BodyResponse["policyInsureds"]->java.util.ArrayList[0]->bodyResponseFields.PolicyInsured["mcIndicator"])
	at com.fasterxml.jackson.databind.exc.UnrecognizedPropertyException.from(UnrecognizedPropertyException.java:61)
	at com.fasterxml.jackson.databind.DeserializationContext.handleUnknownProperty(DeserializationContext.java:987)
	at com.fasterxml.jackson.databind.deser.std.StdDeserializer.handleUnknownProperty(StdDeserializer.java:1974)
	at com.fasterxml.jackson.databind.deser.BeanDeserializerBase.handleUnknownProperty(BeanDeserializerBase.java:1686)
	at com.fasterxml.jackson.databind.deser.BeanDeserializerBase.handleUnknownVanilla(BeanDeserializerBase.java:1664)
	at com.fasterxml.jackson.databind.deser.BeanDeserializer.vanillaDeserialize(BeanDeserializer.java:330)
	at com.fasterxml.jackson.databind.deser.BeanDeserializer.deserialize(BeanDeserializer.java:187)
	at com.fasterxml.jackson.databind.deser.std.CollectionDeserializer._deserializeFromArray(CollectionDeserializer.java:347)
	at com.fasterxml.jackson.databind.deser.std.CollectionDeserializer.deserialize(CollectionDeserializer.java:244)
	at com.fasterxml.jackson.databind.deser.std.CollectionDeserializer.deserialize(CollectionDeserializer.java:28)
	at com.fasterxml.jackson.databind.deser.impl.FieldProperty.deserializeAndSet(FieldProperty.java:138)
	at com.fasterxml.jackson.databind.deser.BeanDeserializer.vanillaDeserialize(BeanDeserializer.java:324)
	at com.fasterxml.jackson.databind.deser.BeanDeserializer.deserialize(BeanDeserializer.java:187)
	at com.fasterxml.jackson.databind.deser.DefaultDeserializationContext.readRootValue(DefaultDeserializationContext.java:322)
	at com.fasterxml.jackson.databind.ObjectMapper._readMapAndClose(ObjectMapper.java:4593)
	at com.fasterxml.jackson.databind.ObjectMapper.readValue(ObjectMapper.java:3548)
	at com.fasterxml.jackson.databind.ObjectMapper$readValue$2.call(Unknown Source)
	at io.restassured.internal.path.json.mapping.JsonPathJackson2ObjectDeserializer.deserialize(JsonPathJackson2ObjectDeserializer.groovy:46)
	at io.restassured.path.json.mapping.JsonPathObjectDeserializer$deserialize.call(Unknown Source)
	at io.restassured.internal.mapping.Jackson2Mapper.deserialize(Jackson2Mapper.groovy:58)
	at io.restassured.mapper.ObjectMapper$deserialize$0.call(Unknown Source)
	at io.restassured.internal.mapping.ObjectMapping.parseWithJackson2(ObjectMapping.groovy:238)
	at io.restassured.internal.mapping.ObjectMapping$parseWithJackson2$1.callStatic(Unknown Source)
	at io.restassured.internal.mapping.ObjectMapping.deserialize(ObjectMapping.groovy:59)
	at io.restassured.internal.mapping.ObjectMapping$deserialize$0.call(Unknown Source)
	at io.restassured.internal.RestAssuredResponseOptionsGroovyImpl.as(RestAssuredResponseOptionsGroovyImpl.groovy:226)
	at io.restassured.internal.RestAssuredResponseOptionsImpl.as(RestAssuredResponseOptionsImpl.java:169)
	at stepDefinitions.VerifyPOLICYItems.iGetCorrectPolicyNumber(VerifyPOLICYItems.java:29)
	at ✽.Then I get correct policyNumber "2816548240"(src/test/resources/Feature/policyEnquery.feature:36)

| 2816548240 | SS029 |  Time elapsed: 0.003 sec  <<< ERROR!
com.fasterxml.jackson.databind.exc.UnrecognizedPropertyException: Unrecognized field "mcIndicator" (class bodyResponseFields.PolicyInsured), not marked as ignorable (6 known properties: "sexCode", "clientNumber", "clientName", "coverages", "birthdate", "idNumber"])
 at [Source: (String)"{"policy":{"policyNumber":"2816548240","excludeInfo":"Question for customer:Chu Triệu Hải Question for customer:Nguyễn Ngọc Lân ","bancaInd":"N","agentCode":"SS029","agentMobile":"SS0292","agentName":"Agent SS029","locationCode":"SSO01","gracePeriod":"Y","ostPrem":70570.0},"policyOwner":{"clientNumber":"2802978231","clientName":"Client 2802978231","idNumber":"280297823","idIssueDate":"20150430","idIssuePlace":"Cục Trưởng Cục CS ĐKQL Cư Trú Và DLQG Về Dân Cư","sexCode":"F","birthdate":"19690517","[truncated 757 chars]; line: 1, column: 831] (through reference chain: bodyResponseFields.BodyResponse["policyInsureds"]->java.util.ArrayList[0]->bodyResponseFields.PolicyInsured["mcIndicator"])
	at com.fasterxml.jackson.databind.exc.UnrecognizedPropertyException.from(UnrecognizedPropertyException.java:61)
	at com.fasterxml.jackson.databind.DeserializationContext.handleUnknownProperty(DeserializationContext.java:987)
	at com.fasterxml.jackson.databind.deser.std.StdDeserializer.handleUnknownProperty(StdDeserializer.java:1974)
	at com.fasterxml.jackson.databind.deser.BeanDeserializerBase.handleUnknownProperty(BeanDeserializerBase.java:1686)
	at com.fasterxml.jackson.databind.deser.BeanDeserializerBase.handleUnknownVanilla(BeanDeserializerBase.java:1664)
	at com.fasterxml.jackson.databind.deser.BeanDeserializer.vanillaDeserialize(BeanDeserializer.java:330)
	at com.fasterxml.jackson.databind.deser.BeanDeserializer.deserialize(BeanDeserializer.java:187)
	at com.fasterxml.jackson.databind.deser.std.CollectionDeserializer._deserializeFromArray(CollectionDeserializer.java:347)
	at com.fasterxml.jackson.databind.deser.std.CollectionDeserializer.deserialize(CollectionDeserializer.java:244)
	at com.fasterxml.jackson.databind.deser.std.CollectionDeserializer.deserialize(CollectionDeserializer.java:28)
	at com.fasterxml.jackson.databind.deser.impl.FieldProperty.deserializeAndSet(FieldProperty.java:138)
	at com.fasterxml.jackson.databind.deser.BeanDeserializer.vanillaDeserialize(BeanDeserializer.java:324)
	at com.fasterxml.jackson.databind.deser.BeanDeserializer.deserialize(BeanDeserializer.java:187)
	at com.fasterxml.jackson.databind.deser.DefaultDeserializationContext.readRootValue(DefaultDeserializationContext.java:322)
	at com.fasterxml.jackson.databind.ObjectMapper._readMapAndClose(ObjectMapper.java:4593)
	at com.fasterxml.jackson.databind.ObjectMapper.readValue(ObjectMapper.java:3548)
	at com.fasterxml.jackson.databind.ObjectMapper$readValue$2.call(Unknown Source)
	at io.restassured.internal.path.json.mapping.JsonPathJackson2ObjectDeserializer.deserialize(JsonPathJackson2ObjectDeserializer.groovy:46)
	at io.restassured.path.json.mapping.JsonPathObjectDeserializer$deserialize.call(Unknown Source)
	at io.restassured.internal.mapping.Jackson2Mapper.deserialize(Jackson2Mapper.groovy:58)
	at io.restassured.mapper.ObjectMapper$deserialize$0.call(Unknown Source)
	at io.restassured.internal.mapping.ObjectMapping.parseWithJackson2(ObjectMapping.groovy:238)
	at io.restassured.internal.mapping.ObjectMapping$parseWithJackson2$1.callStatic(Unknown Source)
	at io.restassured.internal.mapping.ObjectMapping.deserialize(ObjectMapping.groovy:59)
	at io.restassured.internal.mapping.ObjectMapping$deserialize$0.call(Unknown Source)
	at io.restassured.internal.RestAssuredResponseOptionsGroovyImpl.as(RestAssuredResponseOptionsGroovyImpl.groovy:226)
	at io.restassured.internal.RestAssuredResponseOptionsImpl.as(RestAssuredResponseOptionsImpl.java:169)
	at stepDefinitions.VerifyPOLICYItems.iGetCorrectPolicyNumber(VerifyPOLICYItems.java:29)
	at ✽.Then I get correct policyNumber "2816548240"(src/test/resources/Feature/policyEnquery.feature:36)

Then I get correct policyNumber "2871284582"(| 2871284582 | FT487 |)  Time elapsed: 0.001 sec  <<< ERROR!
com.fasterxml.jackson.databind.exc.UnrecognizedPropertyException: Unrecognized field "mcIndicator" (class bodyResponseFields.PolicyInsured), not marked as ignorable (6 known properties: "sexCode", "clientNumber", "clientName", "coverages", "birthdate", "idNumber"])
 at [Source: (String)"{"policy":{"policyNumber":"2871284582","excludeInfo":"Question for customer:No data found ","bancaInd":"N","agentCode":"FT487","agentMobile":"FT4872","agentName":"Agent FT487","locationCode":"HPH09","gracePeriod":"Y","ostPrem":12868.0},"policyOwner":{"clientNumber":"2805363580","clientName":"Client 2805363580","idNumber":"280536358","idIssueDate":"20170430","idIssuePlace":"Cục CS ĐKQL Cư Trú Và DLQG Về Dân Cư","sexCode":"M","birthdate":"19810628","vipInd":"N","phoneNumber":"28053635803","emailAd"[truncated 726 chars]; line: 1, column: 793] (through reference chain: bodyResponseFields.BodyResponse["policyInsureds"]->java.util.ArrayList[0]->bodyResponseFields.PolicyInsured["mcIndicator"])
	at com.fasterxml.jackson.databind.exc.UnrecognizedPropertyException.from(UnrecognizedPropertyException.java:61)
	at com.fasterxml.jackson.databind.DeserializationContext.handleUnknownProperty(DeserializationContext.java:987)
	at com.fasterxml.jackson.databind.deser.std.StdDeserializer.handleUnknownProperty(StdDeserializer.java:1974)
	at com.fasterxml.jackson.databind.deser.BeanDeserializerBase.handleUnknownProperty(BeanDeserializerBase.java:1686)
	at com.fasterxml.jackson.databind.deser.BeanDeserializerBase.handleUnknownVanilla(BeanDeserializerBase.java:1664)
	at com.fasterxml.jackson.databind.deser.BeanDeserializer.vanillaDeserialize(BeanDeserializer.java:330)
	at com.fasterxml.jackson.databind.deser.BeanDeserializer.deserialize(BeanDeserializer.java:187)
	at com.fasterxml.jackson.databind.deser.std.CollectionDeserializer._deserializeFromArray(CollectionDeserializer.java:347)
	at com.fasterxml.jackson.databind.deser.std.CollectionDeserializer.deserialize(CollectionDeserializer.java:244)
	at com.fasterxml.jackson.databind.deser.std.CollectionDeserializer.deserialize(CollectionDeserializer.java:28)
	at com.fasterxml.jackson.databind.deser.impl.FieldProperty.deserializeAndSet(FieldProperty.java:138)
	at com.fasterxml.jackson.databind.deser.BeanDeserializer.vanillaDeserialize(BeanDeserializer.java:324)
	at com.fasterxml.jackson.databind.deser.BeanDeserializer.deserialize(BeanDeserializer.java:187)
	at com.fasterxml.jackson.databind.deser.DefaultDeserializationContext.readRootValue(DefaultDeserializationContext.java:322)
	at com.fasterxml.jackson.databind.ObjectMapper._readMapAndClose(ObjectMapper.java:4593)
	at com.fasterxml.jackson.databind.ObjectMapper.readValue(ObjectMapper.java:3548)
	at com.fasterxml.jackson.databind.ObjectMapper$readValue$2.call(Unknown Source)
	at io.restassured.internal.path.json.mapping.JsonPathJackson2ObjectDeserializer.deserialize(JsonPathJackson2ObjectDeserializer.groovy:46)
	at io.restassured.path.json.mapping.JsonPathObjectDeserializer$deserialize.call(Unknown Source)
	at io.restassured.internal.mapping.Jackson2Mapper.deserialize(Jackson2Mapper.groovy:58)
	at io.restassured.mapper.ObjectMapper$deserialize$0.call(Unknown Source)
	at io.restassured.internal.mapping.ObjectMapping.parseWithJackson2(ObjectMapping.groovy:238)
	at io.restassured.internal.mapping.ObjectMapping$parseWithJackson2$1.callStatic(Unknown Source)
	at io.restassured.internal.mapping.ObjectMapping.deserialize(ObjectMapping.groovy:59)
	at io.restassured.internal.mapping.ObjectMapping$deserialize$0.call(Unknown Source)
	at io.restassured.internal.RestAssuredResponseOptionsGroovyImpl.as(RestAssuredResponseOptionsGroovyImpl.groovy:226)
	at io.restassured.internal.RestAssuredResponseOptionsImpl.as(RestAssuredResponseOptionsImpl.java:169)
	at stepDefinitions.VerifyPOLICYItems.iGetCorrectPolicyNumber(VerifyPOLICYItems.java:29)
	at ✽.Then I get correct policyNumber "2871284582"(src/test/resources/Feature/policyEnquery.feature:36)

| 2871284582 | FT487 |  Time elapsed: 0.001 sec  <<< ERROR!
com.fasterxml.jackson.databind.exc.UnrecognizedPropertyException: Unrecognized field "mcIndicator" (class bodyResponseFields.PolicyInsured), not marked as ignorable (6 known properties: "sexCode", "clientNumber", "clientName", "coverages", "birthdate", "idNumber"])
 at [Source: (String)"{"policy":{"policyNumber":"2871284582","excludeInfo":"Question for customer:No data found ","bancaInd":"N","agentCode":"FT487","agentMobile":"FT4872","agentName":"Agent FT487","locationCode":"HPH09","gracePeriod":"Y","ostPrem":12868.0},"policyOwner":{"clientNumber":"2805363580","clientName":"Client 2805363580","idNumber":"280536358","idIssueDate":"20170430","idIssuePlace":"Cục CS ĐKQL Cư Trú Và DLQG Về Dân Cư","sexCode":"M","birthdate":"19810628","vipInd":"N","phoneNumber":"28053635803","emailAd"[truncated 726 chars]; line: 1, column: 793] (through reference chain: bodyResponseFields.BodyResponse["policyInsureds"]->java.util.ArrayList[0]->bodyResponseFields.PolicyInsured["mcIndicator"])
	at com.fasterxml.jackson.databind.exc.UnrecognizedPropertyException.from(UnrecognizedPropertyException.java:61)
	at com.fasterxml.jackson.databind.DeserializationContext.handleUnknownProperty(DeserializationContext.java:987)
	at com.fasterxml.jackson.databind.deser.std.StdDeserializer.handleUnknownProperty(StdDeserializer.java:1974)
	at com.fasterxml.jackson.databind.deser.BeanDeserializerBase.handleUnknownProperty(BeanDeserializerBase.java:1686)
	at com.fasterxml.jackson.databind.deser.BeanDeserializerBase.handleUnknownVanilla(BeanDeserializerBase.java:1664)
	at com.fasterxml.jackson.databind.deser.BeanDeserializer.vanillaDeserialize(BeanDeserializer.java:330)
	at com.fasterxml.jackson.databind.deser.BeanDeserializer.deserialize(BeanDeserializer.java:187)
	at com.fasterxml.jackson.databind.deser.std.CollectionDeserializer._deserializeFromArray(CollectionDeserializer.java:347)
	at com.fasterxml.jackson.databind.deser.std.CollectionDeserializer.deserialize(CollectionDeserializer.java:244)
	at com.fasterxml.jackson.databind.deser.std.CollectionDeserializer.deserialize(CollectionDeserializer.java:28)
	at com.fasterxml.jackson.databind.deser.impl.FieldProperty.deserializeAndSet(FieldProperty.java:138)
	at com.fasterxml.jackson.databind.deser.BeanDeserializer.vanillaDeserialize(BeanDeserializer.java:324)
	at com.fasterxml.jackson.databind.deser.BeanDeserializer.deserialize(BeanDeserializer.java:187)
	at com.fasterxml.jackson.databind.deser.DefaultDeserializationContext.readRootValue(DefaultDeserializationContext.java:322)
	at com.fasterxml.jackson.databind.ObjectMapper._readMapAndClose(ObjectMapper.java:4593)
	at com.fasterxml.jackson.databind.ObjectMapper.readValue(ObjectMapper.java:3548)
	at com.fasterxml.jackson.databind.ObjectMapper$readValue$2.call(Unknown Source)
	at io.restassured.internal.path.json.mapping.JsonPathJackson2ObjectDeserializer.deserialize(JsonPathJackson2ObjectDeserializer.groovy:46)
	at io.restassured.path.json.mapping.JsonPathObjectDeserializer$deserialize.call(Unknown Source)
	at io.restassured.internal.mapping.Jackson2Mapper.deserialize(Jackson2Mapper.groovy:58)
	at io.restassured.mapper.ObjectMapper$deserialize$0.call(Unknown Source)
	at io.restassured.internal.mapping.ObjectMapping.parseWithJackson2(ObjectMapping.groovy:238)
	at io.restassured.internal.mapping.ObjectMapping$parseWithJackson2$1.callStatic(Unknown Source)
	at io.restassured.internal.mapping.ObjectMapping.deserialize(ObjectMapping.groovy:59)
	at io.restassured.internal.mapping.ObjectMapping$deserialize$0.call(Unknown Source)
	at io.restassured.internal.RestAssuredResponseOptionsGroovyImpl.as(RestAssuredResponseOptionsGroovyImpl.groovy:226)
	at io.restassured.internal.RestAssuredResponseOptionsImpl.as(RestAssuredResponseOptionsImpl.java:169)
	at stepDefinitions.VerifyPOLICYItems.iGetCorrectPolicyNumber(VerifyPOLICYItems.java:29)
	at ✽.Then I get correct policyNumber "2871284582"(src/test/resources/Feature/policyEnquery.feature:36)

Given I search a policy "2816548240"(| 2816548240 | 2802978231 |)  Time elapsed: 0.001 sec  <<< ERROR!
com.fasterxml.jackson.databind.exc.UnrecognizedPropertyException: Unrecognized field "mcIndicator" (class bodyResponseFields.PolicyInsured), not marked as ignorable (6 known properties: "sexCode", "clientNumber", "clientName", "coverages", "birthdate", "idNumber"])
 at [Source: (String)"{"policy":{"policyNumber":"2816548240","excludeInfo":"Question for customer:Chu Triệu Hải Question for customer:Nguyễn Ngọc Lân ","bancaInd":"N","agentCode":"SS029","agentMobile":"SS0292","agentName":"Agent SS029","locationCode":"SSO01","gracePeriod":"Y","ostPrem":70570.0},"policyOwner":{"clientNumber":"2802978231","clientName":"Client 2802978231","idNumber":"280297823","idIssueDate":"20150430","idIssuePlace":"Cục Trưởng Cục CS ĐKQL Cư Trú Và DLQG Về Dân Cư","sexCode":"F","birthdate":"19690517","[truncated 757 chars]; line: 1, column: 831] (through reference chain: bodyResponseFields.BodyResponse["policyInsureds"]->java.util.ArrayList[0]->bodyResponseFields.PolicyInsured["mcIndicator"])
	at com.fasterxml.jackson.databind.exc.UnrecognizedPropertyException.from(UnrecognizedPropertyException.java:61)
	at com.fasterxml.jackson.databind.DeserializationContext.handleUnknownProperty(DeserializationContext.java:987)
	at com.fasterxml.jackson.databind.deser.std.StdDeserializer.handleUnknownProperty(StdDeserializer.java:1974)
	at com.fasterxml.jackson.databind.deser.BeanDeserializerBase.handleUnknownProperty(BeanDeserializerBase.java:1686)
	at com.fasterxml.jackson.databind.deser.BeanDeserializerBase.handleUnknownVanilla(BeanDeserializerBase.java:1664)
	at com.fasterxml.jackson.databind.deser.BeanDeserializer.vanillaDeserialize(BeanDeserializer.java:330)
	at com.fasterxml.jackson.databind.deser.BeanDeserializer.deserialize(BeanDeserializer.java:187)
	at com.fasterxml.jackson.databind.deser.std.CollectionDeserializer._deserializeFromArray(CollectionDeserializer.java:347)
	at com.fasterxml.jackson.databind.deser.std.CollectionDeserializer.deserialize(CollectionDeserializer.java:244)
	at com.fasterxml.jackson.databind.deser.std.CollectionDeserializer.deserialize(CollectionDeserializer.java:28)
	at com.fasterxml.jackson.databind.deser.impl.FieldProperty.deserializeAndSet(FieldProperty.java:138)
	at com.fasterxml.jackson.databind.deser.BeanDeserializer.vanillaDeserialize(BeanDeserializer.java:324)
	at com.fasterxml.jackson.databind.deser.BeanDeserializer.deserialize(BeanDeserializer.java:187)
	at com.fasterxml.jackson.databind.deser.DefaultDeserializationContext.readRootValue(DefaultDeserializationContext.java:322)
	at com.fasterxml.jackson.databind.ObjectMapper._readMapAndClose(ObjectMapper.java:4593)
	at com.fasterxml.jackson.databind.ObjectMapper.readValue(ObjectMapper.java:3548)
	at com.fasterxml.jackson.databind.ObjectMapper$readValue$2.call(Unknown Source)
	at io.restassured.internal.path.json.mapping.JsonPathJackson2ObjectDeserializer.deserialize(JsonPathJackson2ObjectDeserializer.groovy:46)
	at io.restassured.path.json.mapping.JsonPathObjectDeserializer$deserialize.call(Unknown Source)
	at io.restassured.internal.mapping.Jackson2Mapper.deserialize(Jackson2Mapper.groovy:58)
	at io.restassured.mapper.ObjectMapper$deserialize$0.call(Unknown Source)
	at io.restassured.internal.mapping.ObjectMapping.parseWithJackson2(ObjectMapping.groovy:238)
	at io.restassured.internal.mapping.ObjectMapping$parseWithJackson2$1.callStatic(Unknown Source)
	at io.restassured.internal.mapping.ObjectMapping.deserialize(ObjectMapping.groovy:59)
	at io.restassured.internal.mapping.ObjectMapping$deserialize$0.call(Unknown Source)
	at io.restassured.internal.RestAssuredResponseOptionsGroovyImpl.as(RestAssuredResponseOptionsGroovyImpl.groovy:226)
	at io.restassured.internal.RestAssuredResponseOptionsImpl.as(RestAssuredResponseOptionsImpl.java:169)
	at stepDefinitions.VerifyPOLICY_OWNER.iSearchAPolicy(VerifyPOLICY_OWNER.java:23)
	at ✽.Given I search a policy "2816548240"(src/test/resources/Feature/policyEnquery.feature:52)

| 2816548240 | 2802978231 |  Time elapsed: 0.001 sec  <<< ERROR!
com.fasterxml.jackson.databind.exc.UnrecognizedPropertyException: Unrecognized field "mcIndicator" (class bodyResponseFields.PolicyInsured), not marked as ignorable (6 known properties: "sexCode", "clientNumber", "clientName", "coverages", "birthdate", "idNumber"])
 at [Source: (String)"{"policy":{"policyNumber":"2816548240","excludeInfo":"Question for customer:Chu Triệu Hải Question for customer:Nguyễn Ngọc Lân ","bancaInd":"N","agentCode":"SS029","agentMobile":"SS0292","agentName":"Agent SS029","locationCode":"SSO01","gracePeriod":"Y","ostPrem":70570.0},"policyOwner":{"clientNumber":"2802978231","clientName":"Client 2802978231","idNumber":"280297823","idIssueDate":"20150430","idIssuePlace":"Cục Trưởng Cục CS ĐKQL Cư Trú Và DLQG Về Dân Cư","sexCode":"F","birthdate":"19690517","[truncated 757 chars]; line: 1, column: 831] (through reference chain: bodyResponseFields.BodyResponse["policyInsureds"]->java.util.ArrayList[0]->bodyResponseFields.PolicyInsured["mcIndicator"])
	at com.fasterxml.jackson.databind.exc.UnrecognizedPropertyException.from(UnrecognizedPropertyException.java:61)
	at com.fasterxml.jackson.databind.DeserializationContext.handleUnknownProperty(DeserializationContext.java:987)
	at com.fasterxml.jackson.databind.deser.std.StdDeserializer.handleUnknownProperty(StdDeserializer.java:1974)
	at com.fasterxml.jackson.databind.deser.BeanDeserializerBase.handleUnknownProperty(BeanDeserializerBase.java:1686)
	at com.fasterxml.jackson.databind.deser.BeanDeserializerBase.handleUnknownVanilla(BeanDeserializerBase.java:1664)
	at com.fasterxml.jackson.databind.deser.BeanDeserializer.vanillaDeserialize(BeanDeserializer.java:330)
	at com.fasterxml.jackson.databind.deser.BeanDeserializer.deserialize(BeanDeserializer.java:187)
	at com.fasterxml.jackson.databind.deser.std.CollectionDeserializer._deserializeFromArray(CollectionDeserializer.java:347)
	at com.fasterxml.jackson.databind.deser.std.CollectionDeserializer.deserialize(CollectionDeserializer.java:244)
	at com.fasterxml.jackson.databind.deser.std.CollectionDeserializer.deserialize(CollectionDeserializer.java:28)
	at com.fasterxml.jackson.databind.deser.impl.FieldProperty.deserializeAndSet(FieldProperty.java:138)
	at com.fasterxml.jackson.databind.deser.BeanDeserializer.vanillaDeserialize(BeanDeserializer.java:324)
	at com.fasterxml.jackson.databind.deser.BeanDeserializer.deserialize(BeanDeserializer.java:187)
	at com.fasterxml.jackson.databind.deser.DefaultDeserializationContext.readRootValue(DefaultDeserializationContext.java:322)
	at com.fasterxml.jackson.databind.ObjectMapper._readMapAndClose(ObjectMapper.java:4593)
	at com.fasterxml.jackson.databind.ObjectMapper.readValue(ObjectMapper.java:3548)
	at com.fasterxml.jackson.databind.ObjectMapper$readValue$2.call(Unknown Source)
	at io.restassured.internal.path.json.mapping.JsonPathJackson2ObjectDeserializer.deserialize(JsonPathJackson2ObjectDeserializer.groovy:46)
	at io.restassured.path.json.mapping.JsonPathObjectDeserializer$deserialize.call(Unknown Source)
	at io.restassured.internal.mapping.Jackson2Mapper.deserialize(Jackson2Mapper.groovy:58)
	at io.restassured.mapper.ObjectMapper$deserialize$0.call(Unknown Source)
	at io.restassured.internal.mapping.ObjectMapping.parseWithJackson2(ObjectMapping.groovy:238)
	at io.restassured.internal.mapping.ObjectMapping$parseWithJackson2$1.callStatic(Unknown Source)
	at io.restassured.internal.mapping.ObjectMapping.deserialize(ObjectMapping.groovy:59)
	at io.restassured.internal.mapping.ObjectMapping$deserialize$0.call(Unknown Source)
	at io.restassured.internal.RestAssuredResponseOptionsGroovyImpl.as(RestAssuredResponseOptionsGroovyImpl.groovy:226)
	at io.restassured.internal.RestAssuredResponseOptionsImpl.as(RestAssuredResponseOptionsImpl.java:169)
	at stepDefinitions.VerifyPOLICY_OWNER.iSearchAPolicy(VerifyPOLICY_OWNER.java:23)
	at ✽.Given I search a policy "2816548240"(src/test/resources/Feature/policyEnquery.feature:52)

Given I search a policy "2871284582"(| 2871284582 | 2805363580 |)  Time elapsed: 0.001 sec  <<< ERROR!
com.fasterxml.jackson.databind.exc.UnrecognizedPropertyException: Unrecognized field "mcIndicator" (class bodyResponseFields.PolicyInsured), not marked as ignorable (6 known properties: "sexCode", "clientNumber", "clientName", "coverages", "birthdate", "idNumber"])
 at [Source: (String)"{"policy":{"policyNumber":"2871284582","excludeInfo":"Question for customer:No data found ","bancaInd":"N","agentCode":"FT487","agentMobile":"FT4872","agentName":"Agent FT487","locationCode":"HPH09","gracePeriod":"Y","ostPrem":12868.0},"policyOwner":{"clientNumber":"2805363580","clientName":"Client 2805363580","idNumber":"280536358","idIssueDate":"20170430","idIssuePlace":"Cục CS ĐKQL Cư Trú Và DLQG Về Dân Cư","sexCode":"M","birthdate":"19810628","vipInd":"N","phoneNumber":"28053635803","emailAd"[truncated 726 chars]; line: 1, column: 793] (through reference chain: bodyResponseFields.BodyResponse["policyInsureds"]->java.util.ArrayList[0]->bodyResponseFields.PolicyInsured["mcIndicator"])
	at com.fasterxml.jackson.databind.exc.UnrecognizedPropertyException.from(UnrecognizedPropertyException.java:61)
	at com.fasterxml.jackson.databind.DeserializationContext.handleUnknownProperty(DeserializationContext.java:987)
	at com.fasterxml.jackson.databind.deser.std.StdDeserializer.handleUnknownProperty(StdDeserializer.java:1974)
	at com.fasterxml.jackson.databind.deser.BeanDeserializerBase.handleUnknownProperty(BeanDeserializerBase.java:1686)
	at com.fasterxml.jackson.databind.deser.BeanDeserializerBase.handleUnknownVanilla(BeanDeserializerBase.java:1664)
	at com.fasterxml.jackson.databind.deser.BeanDeserializer.vanillaDeserialize(BeanDeserializer.java:330)
	at com.fasterxml.jackson.databind.deser.BeanDeserializer.deserialize(BeanDeserializer.java:187)
	at com.fasterxml.jackson.databind.deser.std.CollectionDeserializer._deserializeFromArray(CollectionDeserializer.java:347)
	at com.fasterxml.jackson.databind.deser.std.CollectionDeserializer.deserialize(CollectionDeserializer.java:244)
	at com.fasterxml.jackson.databind.deser.std.CollectionDeserializer.deserialize(CollectionDeserializer.java:28)
	at com.fasterxml.jackson.databind.deser.impl.FieldProperty.deserializeAndSet(FieldProperty.java:138)
	at com.fasterxml.jackson.databind.deser.BeanDeserializer.vanillaDeserialize(BeanDeserializer.java:324)
	at com.fasterxml.jackson.databind.deser.BeanDeserializer.deserialize(BeanDeserializer.java:187)
	at com.fasterxml.jackson.databind.deser.DefaultDeserializationContext.readRootValue(DefaultDeserializationContext.java:322)
	at com.fasterxml.jackson.databind.ObjectMapper._readMapAndClose(ObjectMapper.java:4593)
	at com.fasterxml.jackson.databind.ObjectMapper.readValue(ObjectMapper.java:3548)
	at com.fasterxml.jackson.databind.ObjectMapper$readValue$2.call(Unknown Source)
	at io.restassured.internal.path.json.mapping.JsonPathJackson2ObjectDeserializer.deserialize(JsonPathJackson2ObjectDeserializer.groovy:46)
	at io.restassured.path.json.mapping.JsonPathObjectDeserializer$deserialize.call(Unknown Source)
	at io.restassured.internal.mapping.Jackson2Mapper.deserialize(Jackson2Mapper.groovy:58)
	at io.restassured.mapper.ObjectMapper$deserialize$0.call(Unknown Source)
	at io.restassured.internal.mapping.ObjectMapping.parseWithJackson2(ObjectMapping.groovy:238)
	at io.restassured.internal.mapping.ObjectMapping$parseWithJackson2$1.callStatic(Unknown Source)
	at io.restassured.internal.mapping.ObjectMapping.deserialize(ObjectMapping.groovy:59)
	at io.restassured.internal.mapping.ObjectMapping$deserialize$0.call(Unknown Source)
	at io.restassured.internal.RestAssuredResponseOptionsGroovyImpl.as(RestAssuredResponseOptionsGroovyImpl.groovy:226)
	at io.restassured.internal.RestAssuredResponseOptionsImpl.as(RestAssuredResponseOptionsImpl.java:169)
	at stepDefinitions.VerifyPOLICY_OWNER.iSearchAPolicy(VerifyPOLICY_OWNER.java:23)
	at ✽.Given I search a policy "2871284582"(src/test/resources/Feature/policyEnquery.feature:52)

| 2871284582 | 2805363580 |  Time elapsed: 0.002 sec  <<< ERROR!
com.fasterxml.jackson.databind.exc.UnrecognizedPropertyException: Unrecognized field "mcIndicator" (class bodyResponseFields.PolicyInsured), not marked as ignorable (6 known properties: "sexCode", "clientNumber", "clientName", "coverages", "birthdate", "idNumber"])
 at [Source: (String)"{"policy":{"policyNumber":"2871284582","excludeInfo":"Question for customer:No data found ","bancaInd":"N","agentCode":"FT487","agentMobile":"FT4872","agentName":"Agent FT487","locationCode":"HPH09","gracePeriod":"Y","ostPrem":12868.0},"policyOwner":{"clientNumber":"2805363580","clientName":"Client 2805363580","idNumber":"280536358","idIssueDate":"20170430","idIssuePlace":"Cục CS ĐKQL Cư Trú Và DLQG Về Dân Cư","sexCode":"M","birthdate":"19810628","vipInd":"N","phoneNumber":"28053635803","emailAd"[truncated 726 chars]; line: 1, column: 793] (through reference chain: bodyResponseFields.BodyResponse["policyInsureds"]->java.util.ArrayList[0]->bodyResponseFields.PolicyInsured["mcIndicator"])
	at com.fasterxml.jackson.databind.exc.UnrecognizedPropertyException.from(UnrecognizedPropertyException.java:61)
	at com.fasterxml.jackson.databind.DeserializationContext.handleUnknownProperty(DeserializationContext.java:987)
	at com.fasterxml.jackson.databind.deser.std.StdDeserializer.handleUnknownProperty(StdDeserializer.java:1974)
	at com.fasterxml.jackson.databind.deser.BeanDeserializerBase.handleUnknownProperty(BeanDeserializerBase.java:1686)
	at com.fasterxml.jackson.databind.deser.BeanDeserializerBase.handleUnknownVanilla(BeanDeserializerBase.java:1664)
	at com.fasterxml.jackson.databind.deser.BeanDeserializer.vanillaDeserialize(BeanDeserializer.java:330)
	at com.fasterxml.jackson.databind.deser.BeanDeserializer.deserialize(BeanDeserializer.java:187)
	at com.fasterxml.jackson.databind.deser.std.CollectionDeserializer._deserializeFromArray(CollectionDeserializer.java:347)
	at com.fasterxml.jackson.databind.deser.std.CollectionDeserializer.deserialize(CollectionDeserializer.java:244)
	at com.fasterxml.jackson.databind.deser.std.CollectionDeserializer.deserialize(CollectionDeserializer.java:28)
	at com.fasterxml.jackson.databind.deser.impl.FieldProperty.deserializeAndSet(FieldProperty.java:138)
	at com.fasterxml.jackson.databind.deser.BeanDeserializer.vanillaDeserialize(BeanDeserializer.java:324)
	at com.fasterxml.jackson.databind.deser.BeanDeserializer.deserialize(BeanDeserializer.java:187)
	at com.fasterxml.jackson.databind.deser.DefaultDeserializationContext.readRootValue(DefaultDeserializationContext.java:322)
	at com.fasterxml.jackson.databind.ObjectMapper._readMapAndClose(ObjectMapper.java:4593)
	at com.fasterxml.jackson.databind.ObjectMapper.readValue(ObjectMapper.java:3548)
	at com.fasterxml.jackson.databind.ObjectMapper$readValue$2.call(Unknown Source)
	at io.restassured.internal.path.json.mapping.JsonPathJackson2ObjectDeserializer.deserialize(JsonPathJackson2ObjectDeserializer.groovy:46)
	at io.restassured.path.json.mapping.JsonPathObjectDeserializer$deserialize.call(Unknown Source)
	at io.restassured.internal.mapping.Jackson2Mapper.deserialize(Jackson2Mapper.groovy:58)
	at io.restassured.mapper.ObjectMapper$deserialize$0.call(Unknown Source)
	at io.restassured.internal.mapping.ObjectMapping.parseWithJackson2(ObjectMapping.groovy:238)
	at io.restassured.internal.mapping.ObjectMapping$parseWithJackson2$1.callStatic(Unknown Source)
	at io.restassured.internal.mapping.ObjectMapping.deserialize(ObjectMapping.groovy:59)
	at io.restassured.internal.mapping.ObjectMapping$deserialize$0.call(Unknown Source)
	at io.restassured.internal.RestAssuredResponseOptionsGroovyImpl.as(RestAssuredResponseOptionsGroovyImpl.groovy:226)
	at io.restassured.internal.RestAssuredResponseOptionsImpl.as(RestAssuredResponseOptionsImpl.java:169)
	at stepDefinitions.VerifyPOLICY_OWNER.iSearchAPolicy(VerifyPOLICY_OWNER.java:23)
	at ✽.Given I search a policy "2871284582"(src/test/resources/Feature/policyEnquery.feature:52)

Given I can search policy's COVERAGES "2816548240"(| 2816548240 | 20171231 | I | I |)  Time elapsed: 0.001 sec  <<< ERROR!
com.fasterxml.jackson.databind.exc.UnrecognizedPropertyException: Unrecognized field "mcIndicator" (class bodyResponseFields.PolicyInsured), not marked as ignorable (6 known properties: "sexCode", "clientNumber", "clientName", "coverages", "birthdate", "idNumber"])
 at [Source: (String)"{"policy":{"policyNumber":"2816548240","excludeInfo":"Question for customer:Chu Triệu Hải Question for customer:Nguyễn Ngọc Lân ","bancaInd":"N","agentCode":"SS029","agentMobile":"SS0292","agentName":"Agent SS029","locationCode":"SSO01","gracePeriod":"Y","ostPrem":70570.0},"policyOwner":{"clientNumber":"2802978231","clientName":"Client 2802978231","idNumber":"280297823","idIssueDate":"20150430","idIssuePlace":"Cục Trưởng Cục CS ĐKQL Cư Trú Và DLQG Về Dân Cư","sexCode":"F","birthdate":"19690517","[truncated 757 chars]; line: 1, column: 831] (through reference chain: bodyResponseFields.BodyResponse["policyInsureds"]->java.util.ArrayList[0]->bodyResponseFields.PolicyInsured["mcIndicator"])
	at com.fasterxml.jackson.databind.exc.UnrecognizedPropertyException.from(UnrecognizedPropertyException.java:61)
	at com.fasterxml.jackson.databind.DeserializationContext.handleUnknownProperty(DeserializationContext.java:987)
	at com.fasterxml.jackson.databind.deser.std.StdDeserializer.handleUnknownProperty(StdDeserializer.java:1974)
	at com.fasterxml.jackson.databind.deser.BeanDeserializerBase.handleUnknownProperty(BeanDeserializerBase.java:1686)
	at com.fasterxml.jackson.databind.deser.BeanDeserializerBase.handleUnknownVanilla(BeanDeserializerBase.java:1664)
	at com.fasterxml.jackson.databind.deser.BeanDeserializer.vanillaDeserialize(BeanDeserializer.java:330)
	at com.fasterxml.jackson.databind.deser.BeanDeserializer.deserialize(BeanDeserializer.java:187)
	at com.fasterxml.jackson.databind.deser.std.CollectionDeserializer._deserializeFromArray(CollectionDeserializer.java:347)
	at com.fasterxml.jackson.databind.deser.std.CollectionDeserializer.deserialize(CollectionDeserializer.java:244)
	at com.fasterxml.jackson.databind.deser.std.CollectionDeserializer.deserialize(CollectionDeserializer.java:28)
	at com.fasterxml.jackson.databind.deser.impl.FieldProperty.deserializeAndSet(FieldProperty.java:138)
	at com.fasterxml.jackson.databind.deser.BeanDeserializer.vanillaDeserialize(BeanDeserializer.java:324)
	at com.fasterxml.jackson.databind.deser.BeanDeserializer.deserialize(BeanDeserializer.java:187)
	at com.fasterxml.jackson.databind.deser.DefaultDeserializationContext.readRootValue(DefaultDeserializationContext.java:322)
	at com.fasterxml.jackson.databind.ObjectMapper._readMapAndClose(ObjectMapper.java:4593)
	at com.fasterxml.jackson.databind.ObjectMapper.readValue(ObjectMapper.java:3548)
	at com.fasterxml.jackson.databind.ObjectMapper$readValue$2.call(Unknown Source)
	at io.restassured.internal.path.json.mapping.JsonPathJackson2ObjectDeserializer.deserialize(JsonPathJackson2ObjectDeserializer.groovy:46)
	at io.restassured.path.json.mapping.JsonPathObjectDeserializer$deserialize.call(Unknown Source)
	at io.restassured.internal.mapping.Jackson2Mapper.deserialize(Jackson2Mapper.groovy:58)
	at io.restassured.mapper.ObjectMapper$deserialize$0.call(Unknown Source)
	at io.restassured.internal.mapping.ObjectMapping.parseWithJackson2(ObjectMapping.groovy:238)
	at io.restassured.internal.mapping.ObjectMapping$parseWithJackson2$1.callStatic(Unknown Source)
	at io.restassured.internal.mapping.ObjectMapping.deserialize(ObjectMapping.groovy:59)
	at io.restassured.internal.mapping.ObjectMapping$deserialize$0.call(Unknown Source)
	at io.restassured.internal.RestAssuredResponseOptionsGroovyImpl.as(RestAssuredResponseOptionsGroovyImpl.groovy:226)
	at io.restassured.internal.RestAssuredResponseOptionsImpl.as(RestAssuredResponseOptionsImpl.java:169)
	at stepDefinitions.VerifyCOVERAGES.iCanSearchPolicySCOVERAGES(VerifyCOVERAGES.java:27)
	at ✽.Given I can search policy's COVERAGES "2816548240"(src/test/resources/Feature/policyEnquery.feature:68)

| 2816548240 | 20171231 | I | I |  Time elapsed: 0.001 sec  <<< ERROR!
com.fasterxml.jackson.databind.exc.UnrecognizedPropertyException: Unrecognized field "mcIndicator" (class bodyResponseFields.PolicyInsured), not marked as ignorable (6 known properties: "sexCode", "clientNumber", "clientName", "coverages", "birthdate", "idNumber"])
 at [Source: (String)"{"policy":{"policyNumber":"2816548240","excludeInfo":"Question for customer:Chu Triệu Hải Question for customer:Nguyễn Ngọc Lân ","bancaInd":"N","agentCode":"SS029","agentMobile":"SS0292","agentName":"Agent SS029","locationCode":"SSO01","gracePeriod":"Y","ostPrem":70570.0},"policyOwner":{"clientNumber":"2802978231","clientName":"Client 2802978231","idNumber":"280297823","idIssueDate":"20150430","idIssuePlace":"Cục Trưởng Cục CS ĐKQL Cư Trú Và DLQG Về Dân Cư","sexCode":"F","birthdate":"19690517","[truncated 757 chars]; line: 1, column: 831] (through reference chain: bodyResponseFields.BodyResponse["policyInsureds"]->java.util.ArrayList[0]->bodyResponseFields.PolicyInsured["mcIndicator"])
	at com.fasterxml.jackson.databind.exc.UnrecognizedPropertyException.from(UnrecognizedPropertyException.java:61)
	at com.fasterxml.jackson.databind.DeserializationContext.handleUnknownProperty(DeserializationContext.java:987)
	at com.fasterxml.jackson.databind.deser.std.StdDeserializer.handleUnknownProperty(StdDeserializer.java:1974)
	at com.fasterxml.jackson.databind.deser.BeanDeserializerBase.handleUnknownProperty(BeanDeserializerBase.java:1686)
	at com.fasterxml.jackson.databind.deser.BeanDeserializerBase.handleUnknownVanilla(BeanDeserializerBase.java:1664)
	at com.fasterxml.jackson.databind.deser.BeanDeserializer.vanillaDeserialize(BeanDeserializer.java:330)
	at com.fasterxml.jackson.databind.deser.BeanDeserializer.deserialize(BeanDeserializer.java:187)
	at com.fasterxml.jackson.databind.deser.std.CollectionDeserializer._deserializeFromArray(CollectionDeserializer.java:347)
	at com.fasterxml.jackson.databind.deser.std.CollectionDeserializer.deserialize(CollectionDeserializer.java:244)
	at com.fasterxml.jackson.databind.deser.std.CollectionDeserializer.deserialize(CollectionDeserializer.java:28)
	at com.fasterxml.jackson.databind.deser.impl.FieldProperty.deserializeAndSet(FieldProperty.java:138)
	at com.fasterxml.jackson.databind.deser.BeanDeserializer.vanillaDeserialize(BeanDeserializer.java:324)
	at com.fasterxml.jackson.databind.deser.BeanDeserializer.deserialize(BeanDeserializer.java:187)
	at com.fasterxml.jackson.databind.deser.DefaultDeserializationContext.readRootValue(DefaultDeserializationContext.java:322)
	at com.fasterxml.jackson.databind.ObjectMapper._readMapAndClose(ObjectMapper.java:4593)
	at com.fasterxml.jackson.databind.ObjectMapper.readValue(ObjectMapper.java:3548)
	at com.fasterxml.jackson.databind.ObjectMapper$readValue$2.call(Unknown Source)
	at io.restassured.internal.path.json.mapping.JsonPathJackson2ObjectDeserializer.deserialize(JsonPathJackson2ObjectDeserializer.groovy:46)
	at io.restassured.path.json.mapping.JsonPathObjectDeserializer$deserialize.call(Unknown Source)
	at io.restassured.internal.mapping.Jackson2Mapper.deserialize(Jackson2Mapper.groovy:58)
	at io.restassured.mapper.ObjectMapper$deserialize$0.call(Unknown Source)
	at io.restassured.internal.mapping.ObjectMapping.parseWithJackson2(ObjectMapping.groovy:238)
	at io.restassured.internal.mapping.ObjectMapping$parseWithJackson2$1.callStatic(Unknown Source)
	at io.restassured.internal.mapping.ObjectMapping.deserialize(ObjectMapping.groovy:59)
	at io.restassured.internal.mapping.ObjectMapping$deserialize$0.call(Unknown Source)
	at io.restassured.internal.RestAssuredResponseOptionsGroovyImpl.as(RestAssuredResponseOptionsGroovyImpl.groovy:226)
	at io.restassured.internal.RestAssuredResponseOptionsImpl.as(RestAssuredResponseOptionsImpl.java:169)
	at stepDefinitions.VerifyCOVERAGES.iCanSearchPolicySCOVERAGES(VerifyCOVERAGES.java:27)
	at ✽.Given I can search policy's COVERAGES "2816548240"(src/test/resources/Feature/policyEnquery.feature:68)

Given I can search policy's COVERAGES "2871284582"(| 2871284582 | 20210327 | N |  |)  Time elapsed: 0 sec  <<< ERROR!
com.fasterxml.jackson.databind.exc.UnrecognizedPropertyException: Unrecognized field "mcIndicator" (class bodyResponseFields.PolicyInsured), not marked as ignorable (6 known properties: "sexCode", "clientNumber", "clientName", "coverages", "birthdate", "idNumber"])
 at [Source: (String)"{"policy":{"policyNumber":"2871284582","excludeInfo":"Question for customer:No data found ","bancaInd":"N","agentCode":"FT487","agentMobile":"FT4872","agentName":"Agent FT487","locationCode":"HPH09","gracePeriod":"Y","ostPrem":12868.0},"policyOwner":{"clientNumber":"2805363580","clientName":"Client 2805363580","idNumber":"280536358","idIssueDate":"20170430","idIssuePlace":"Cục CS ĐKQL Cư Trú Và DLQG Về Dân Cư","sexCode":"M","birthdate":"19810628","vipInd":"N","phoneNumber":"28053635803","emailAd"[truncated 726 chars]; line: 1, column: 793] (through reference chain: bodyResponseFields.BodyResponse["policyInsureds"]->java.util.ArrayList[0]->bodyResponseFields.PolicyInsured["mcIndicator"])
	at com.fasterxml.jackson.databind.exc.UnrecognizedPropertyException.from(UnrecognizedPropertyException.java:61)
	at com.fasterxml.jackson.databind.DeserializationContext.handleUnknownProperty(DeserializationContext.java:987)
	at com.fasterxml.jackson.databind.deser.std.StdDeserializer.handleUnknownProperty(StdDeserializer.java:1974)
	at com.fasterxml.jackson.databind.deser.BeanDeserializerBase.handleUnknownProperty(BeanDeserializerBase.java:1686)
	at com.fasterxml.jackson.databind.deser.BeanDeserializerBase.handleUnknownVanilla(BeanDeserializerBase.java:1664)
	at com.fasterxml.jackson.databind.deser.BeanDeserializer.vanillaDeserialize(BeanDeserializer.java:330)
	at com.fasterxml.jackson.databind.deser.BeanDeserializer.deserialize(BeanDeserializer.java:187)
	at com.fasterxml.jackson.databind.deser.std.CollectionDeserializer._deserializeFromArray(CollectionDeserializer.java:347)
	at com.fasterxml.jackson.databind.deser.std.CollectionDeserializer.deserialize(CollectionDeserializer.java:244)
	at com.fasterxml.jackson.databind.deser.std.CollectionDeserializer.deserialize(CollectionDeserializer.java:28)
	at com.fasterxml.jackson.databind.deser.impl.FieldProperty.deserializeAndSet(FieldProperty.java:138)
	at com.fasterxml.jackson.databind.deser.BeanDeserializer.vanillaDeserialize(BeanDeserializer.java:324)
	at com.fasterxml.jackson.databind.deser.BeanDeserializer.deserialize(BeanDeserializer.java:187)
	at com.fasterxml.jackson.databind.deser.DefaultDeserializationContext.readRootValue(DefaultDeserializationContext.java:322)
	at com.fasterxml.jackson.databind.ObjectMapper._readMapAndClose(ObjectMapper.java:4593)
	at com.fasterxml.jackson.databind.ObjectMapper.readValue(ObjectMapper.java:3548)
	at com.fasterxml.jackson.databind.ObjectMapper$readValue$2.call(Unknown Source)
	at io.restassured.internal.path.json.mapping.JsonPathJackson2ObjectDeserializer.deserialize(JsonPathJackson2ObjectDeserializer.groovy:46)
	at io.restassured.path.json.mapping.JsonPathObjectDeserializer$deserialize.call(Unknown Source)
	at io.restassured.internal.mapping.Jackson2Mapper.deserialize(Jackson2Mapper.groovy:58)
	at io.restassured.mapper.ObjectMapper$deserialize$0.call(Unknown Source)
	at io.restassured.internal.mapping.ObjectMapping.parseWithJackson2(ObjectMapping.groovy:238)
	at io.restassured.internal.mapping.ObjectMapping$parseWithJackson2$1.callStatic(Unknown Source)
	at io.restassured.internal.mapping.ObjectMapping.deserialize(ObjectMapping.groovy:59)
	at io.restassured.internal.mapping.ObjectMapping$deserialize$0.call(Unknown Source)
	at io.restassured.internal.RestAssuredResponseOptionsGroovyImpl.as(RestAssuredResponseOptionsGroovyImpl.groovy:226)
	at io.restassured.internal.RestAssuredResponseOptionsImpl.as(RestAssuredResponseOptionsImpl.java:169)
	at stepDefinitions.VerifyCOVERAGES.iCanSearchPolicySCOVERAGES(VerifyCOVERAGES.java:27)
	at ✽.Given I can search policy's COVERAGES "2871284582"(src/test/resources/Feature/policyEnquery.feature:68)

| 2871284582 | 20210327 | N |  |  Time elapsed: 0 sec  <<< ERROR!
com.fasterxml.jackson.databind.exc.UnrecognizedPropertyException: Unrecognized field "mcIndicator" (class bodyResponseFields.PolicyInsured), not marked as ignorable (6 known properties: "sexCode", "clientNumber", "clientName", "coverages", "birthdate", "idNumber"])
 at [Source: (String)"{"policy":{"policyNumber":"2871284582","excludeInfo":"Question for customer:No data found ","bancaInd":"N","agentCode":"FT487","agentMobile":"FT4872","agentName":"Agent FT487","locationCode":"HPH09","gracePeriod":"Y","ostPrem":12868.0},"policyOwner":{"clientNumber":"2805363580","clientName":"Client 2805363580","idNumber":"280536358","idIssueDate":"20170430","idIssuePlace":"Cục CS ĐKQL Cư Trú Và DLQG Về Dân Cư","sexCode":"M","birthdate":"19810628","vipInd":"N","phoneNumber":"28053635803","emailAd"[truncated 726 chars]; line: 1, column: 793] (through reference chain: bodyResponseFields.BodyResponse["policyInsureds"]->java.util.ArrayList[0]->bodyResponseFields.PolicyInsured["mcIndicator"])
	at com.fasterxml.jackson.databind.exc.UnrecognizedPropertyException.from(UnrecognizedPropertyException.java:61)
	at com.fasterxml.jackson.databind.DeserializationContext.handleUnknownProperty(DeserializationContext.java:987)
	at com.fasterxml.jackson.databind.deser.std.StdDeserializer.handleUnknownProperty(StdDeserializer.java:1974)
	at com.fasterxml.jackson.databind.deser.BeanDeserializerBase.handleUnknownProperty(BeanDeserializerBase.java:1686)
	at com.fasterxml.jackson.databind.deser.BeanDeserializerBase.handleUnknownVanilla(BeanDeserializerBase.java:1664)
	at com.fasterxml.jackson.databind.deser.BeanDeserializer.vanillaDeserialize(BeanDeserializer.java:330)
	at com.fasterxml.jackson.databind.deser.BeanDeserializer.deserialize(BeanDeserializer.java:187)
	at com.fasterxml.jackson.databind.deser.std.CollectionDeserializer._deserializeFromArray(CollectionDeserializer.java:347)
	at com.fasterxml.jackson.databind.deser.std.CollectionDeserializer.deserialize(CollectionDeserializer.java:244)
	at com.fasterxml.jackson.databind.deser.std.CollectionDeserializer.deserialize(CollectionDeserializer.java:28)
	at com.fasterxml.jackson.databind.deser.impl.FieldProperty.deserializeAndSet(FieldProperty.java:138)
	at com.fasterxml.jackson.databind.deser.BeanDeserializer.vanillaDeserialize(BeanDeserializer.java:324)
	at com.fasterxml.jackson.databind.deser.BeanDeserializer.deserialize(BeanDeserializer.java:187)
	at com.fasterxml.jackson.databind.deser.DefaultDeserializationContext.readRootValue(DefaultDeserializationContext.java:322)
	at com.fasterxml.jackson.databind.ObjectMapper._readMapAndClose(ObjectMapper.java:4593)
	at com.fasterxml.jackson.databind.ObjectMapper.readValue(ObjectMapper.java:3548)
	at com.fasterxml.jackson.databind.ObjectMapper$readValue$2.call(Unknown Source)
	at io.restassured.internal.path.json.mapping.JsonPathJackson2ObjectDeserializer.deserialize(JsonPathJackson2ObjectDeserializer.groovy:46)
	at io.restassured.path.json.mapping.JsonPathObjectDeserializer$deserialize.call(Unknown Source)
	at io.restassured.internal.mapping.Jackson2Mapper.deserialize(Jackson2Mapper.groovy:58)
	at io.restassured.mapper.ObjectMapper$deserialize$0.call(Unknown Source)
	at io.restassured.internal.mapping.ObjectMapping.parseWithJackson2(ObjectMapping.groovy:238)
	at io.restassured.internal.mapping.ObjectMapping$parseWithJackson2$1.callStatic(Unknown Source)
	at io.restassured.internal.mapping.ObjectMapping.deserialize(ObjectMapping.groovy:59)
	at io.restassured.internal.mapping.ObjectMapping$deserialize$0.call(Unknown Source)
	at io.restassured.internal.RestAssuredResponseOptionsGroovyImpl.as(RestAssuredResponseOptionsGroovyImpl.groovy:226)
	at io.restassured.internal.RestAssuredResponseOptionsImpl.as(RestAssuredResponseOptionsImpl.java:169)
	at stepDefinitions.VerifyCOVERAGES.iCanSearchPolicySCOVERAGES(VerifyCOVERAGES.java:27)
	at ✽.Given I can search policy's COVERAGES "2871284582"(src/test/resources/Feature/policyEnquery.feature:68)

Given I can get response of policyNumber "2816548240"(| 2816548240 | 2801422092 |)  Time elapsed: 0.001 sec  <<< ERROR!
com.fasterxml.jackson.databind.exc.UnrecognizedPropertyException: Unrecognized field "mcIndicator" (class bodyResponseFields.PolicyInsured), not marked as ignorable (6 known properties: "sexCode", "clientNumber", "clientName", "coverages", "birthdate", "idNumber"])
 at [Source: (String)"{"policy":{"policyNumber":"2816548240","excludeInfo":"Question for customer:Chu Triệu Hải Question for customer:Nguyễn Ngọc Lân ","bancaInd":"N","agentCode":"SS029","agentMobile":"SS0292","agentName":"Agent SS029","locationCode":"SSO01","gracePeriod":"Y","ostPrem":70570.0},"policyOwner":{"clientNumber":"2802978231","clientName":"Client 2802978231","idNumber":"280297823","idIssueDate":"20150430","idIssuePlace":"Cục Trưởng Cục CS ĐKQL Cư Trú Và DLQG Về Dân Cư","sexCode":"F","birthdate":"19690517","[truncated 757 chars]; line: 1, column: 831] (through reference chain: bodyResponseFields.BodyResponse["policyInsureds"]->java.util.ArrayList[0]->bodyResponseFields.PolicyInsured["mcIndicator"])
	at com.fasterxml.jackson.databind.exc.UnrecognizedPropertyException.from(UnrecognizedPropertyException.java:61)
	at com.fasterxml.jackson.databind.DeserializationContext.handleUnknownProperty(DeserializationContext.java:987)
	at com.fasterxml.jackson.databind.deser.std.StdDeserializer.handleUnknownProperty(StdDeserializer.java:1974)
	at com.fasterxml.jackson.databind.deser.BeanDeserializerBase.handleUnknownProperty(BeanDeserializerBase.java:1686)
	at com.fasterxml.jackson.databind.deser.BeanDeserializerBase.handleUnknownVanilla(BeanDeserializerBase.java:1664)
	at com.fasterxml.jackson.databind.deser.BeanDeserializer.vanillaDeserialize(BeanDeserializer.java:330)
	at com.fasterxml.jackson.databind.deser.BeanDeserializer.deserialize(BeanDeserializer.java:187)
	at com.fasterxml.jackson.databind.deser.std.CollectionDeserializer._deserializeFromArray(CollectionDeserializer.java:347)
	at com.fasterxml.jackson.databind.deser.std.CollectionDeserializer.deserialize(CollectionDeserializer.java:244)
	at com.fasterxml.jackson.databind.deser.std.CollectionDeserializer.deserialize(CollectionDeserializer.java:28)
	at com.fasterxml.jackson.databind.deser.impl.FieldProperty.deserializeAndSet(FieldProperty.java:138)
	at com.fasterxml.jackson.databind.deser.BeanDeserializer.vanillaDeserialize(BeanDeserializer.java:324)
	at com.fasterxml.jackson.databind.deser.BeanDeserializer.deserialize(BeanDeserializer.java:187)
	at com.fasterxml.jackson.databind.deser.DefaultDeserializationContext.readRootValue(DefaultDeserializationContext.java:322)
	at com.fasterxml.jackson.databind.ObjectMapper._readMapAndClose(ObjectMapper.java:4593)
	at com.fasterxml.jackson.databind.ObjectMapper.readValue(ObjectMapper.java:3548)
	at com.fasterxml.jackson.databind.ObjectMapper$readValue$2.call(Unknown Source)
	at io.restassured.internal.path.json.mapping.JsonPathJackson2ObjectDeserializer.deserialize(JsonPathJackson2ObjectDeserializer.groovy:46)
	at io.restassured.path.json.mapping.JsonPathObjectDeserializer$deserialize.call(Unknown Source)
	at io.restassured.internal.mapping.Jackson2Mapper.deserialize(Jackson2Mapper.groovy:58)
	at io.restassured.mapper.ObjectMapper$deserialize$0.call(Unknown Source)
	at io.restassured.internal.mapping.ObjectMapping.parseWithJackson2(ObjectMapping.groovy:238)
	at io.restassured.internal.mapping.ObjectMapping$parseWithJackson2$1.callStatic(Unknown Source)
	at io.restassured.internal.mapping.ObjectMapping.deserialize(ObjectMapping.groovy:59)
	at io.restassured.internal.mapping.ObjectMapping$deserialize$0.call(Unknown Source)
	at io.restassured.internal.RestAssuredResponseOptionsGroovyImpl.as(RestAssuredResponseOptionsGroovyImpl.groovy:226)
	at io.restassured.internal.RestAssuredResponseOptionsImpl.as(RestAssuredResponseOptionsImpl.java:169)
	at stepDefinitions.VerifyPOLICY_INS.iCanGetResponseOfPolicyNumber(VerifyPOLICY_INS.java:25)
	at ✽.Given I can get response of policyNumber "2816548240"(src/test/resources/Feature/policyEnquery.feature:86)

| 2816548240 | 2801422092 |  Time elapsed: 0.002 sec  <<< ERROR!
com.fasterxml.jackson.databind.exc.UnrecognizedPropertyException: Unrecognized field "mcIndicator" (class bodyResponseFields.PolicyInsured), not marked as ignorable (6 known properties: "sexCode", "clientNumber", "clientName", "coverages", "birthdate", "idNumber"])
 at [Source: (String)"{"policy":{"policyNumber":"2816548240","excludeInfo":"Question for customer:Chu Triệu Hải Question for customer:Nguyễn Ngọc Lân ","bancaInd":"N","agentCode":"SS029","agentMobile":"SS0292","agentName":"Agent SS029","locationCode":"SSO01","gracePeriod":"Y","ostPrem":70570.0},"policyOwner":{"clientNumber":"2802978231","clientName":"Client 2802978231","idNumber":"280297823","idIssueDate":"20150430","idIssuePlace":"Cục Trưởng Cục CS ĐKQL Cư Trú Và DLQG Về Dân Cư","sexCode":"F","birthdate":"19690517","[truncated 757 chars]; line: 1, column: 831] (through reference chain: bodyResponseFields.BodyResponse["policyInsureds"]->java.util.ArrayList[0]->bodyResponseFields.PolicyInsured["mcIndicator"])
	at com.fasterxml.jackson.databind.exc.UnrecognizedPropertyException.from(UnrecognizedPropertyException.java:61)
	at com.fasterxml.jackson.databind.DeserializationContext.handleUnknownProperty(DeserializationContext.java:987)
	at com.fasterxml.jackson.databind.deser.std.StdDeserializer.handleUnknownProperty(StdDeserializer.java:1974)
	at com.fasterxml.jackson.databind.deser.BeanDeserializerBase.handleUnknownProperty(BeanDeserializerBase.java:1686)
	at com.fasterxml.jackson.databind.deser.BeanDeserializerBase.handleUnknownVanilla(BeanDeserializerBase.java:1664)
	at com.fasterxml.jackson.databind.deser.BeanDeserializer.vanillaDeserialize(BeanDeserializer.java:330)
	at com.fasterxml.jackson.databind.deser.BeanDeserializer.deserialize(BeanDeserializer.java:187)
	at com.fasterxml.jackson.databind.deser.std.CollectionDeserializer._deserializeFromArray(CollectionDeserializer.java:347)
	at com.fasterxml.jackson.databind.deser.std.CollectionDeserializer.deserialize(CollectionDeserializer.java:244)
	at com.fasterxml.jackson.databind.deser.std.CollectionDeserializer.deserialize(CollectionDeserializer.java:28)
	at com.fasterxml.jackson.databind.deser.impl.FieldProperty.deserializeAndSet(FieldProperty.java:138)
	at com.fasterxml.jackson.databind.deser.BeanDeserializer.vanillaDeserialize(BeanDeserializer.java:324)
	at com.fasterxml.jackson.databind.deser.BeanDeserializer.deserialize(BeanDeserializer.java:187)
	at com.fasterxml.jackson.databind.deser.DefaultDeserializationContext.readRootValue(DefaultDeserializationContext.java:322)
	at com.fasterxml.jackson.databind.ObjectMapper._readMapAndClose(ObjectMapper.java:4593)
	at com.fasterxml.jackson.databind.ObjectMapper.readValue(ObjectMapper.java:3548)
	at com.fasterxml.jackson.databind.ObjectMapper$readValue$2.call(Unknown Source)
	at io.restassured.internal.path.json.mapping.JsonPathJackson2ObjectDeserializer.deserialize(JsonPathJackson2ObjectDeserializer.groovy:46)
	at io.restassured.path.json.mapping.JsonPathObjectDeserializer$deserialize.call(Unknown Source)
	at io.restassured.internal.mapping.Jackson2Mapper.deserialize(Jackson2Mapper.groovy:58)
	at io.restassured.mapper.ObjectMapper$deserialize$0.call(Unknown Source)
	at io.restassured.internal.mapping.ObjectMapping.parseWithJackson2(ObjectMapping.groovy:238)
	at io.restassured.internal.mapping.ObjectMapping$parseWithJackson2$1.callStatic(Unknown Source)
	at io.restassured.internal.mapping.ObjectMapping.deserialize(ObjectMapping.groovy:59)
	at io.restassured.internal.mapping.ObjectMapping$deserialize$0.call(Unknown Source)
	at io.restassured.internal.RestAssuredResponseOptionsGroovyImpl.as(RestAssuredResponseOptionsGroovyImpl.groovy:226)
	at io.restassured.internal.RestAssuredResponseOptionsImpl.as(RestAssuredResponseOptionsImpl.java:169)
	at stepDefinitions.VerifyPOLICY_INS.iCanGetResponseOfPolicyNumber(VerifyPOLICY_INS.java:25)
	at ✽.Given I can get response of policyNumber "2816548240"(src/test/resources/Feature/policyEnquery.feature:86)

Given I can get response of policyNumber "2871284582"(| 2871284582 | 2805363580 |)  Time elapsed: 0.001 sec  <<< ERROR!
com.fasterxml.jackson.databind.exc.UnrecognizedPropertyException: Unrecognized field "mcIndicator" (class bodyResponseFields.PolicyInsured), not marked as ignorable (6 known properties: "sexCode", "clientNumber", "clientName", "coverages", "birthdate", "idNumber"])
 at [Source: (String)"{"policy":{"policyNumber":"2871284582","excludeInfo":"Question for customer:No data found ","bancaInd":"N","agentCode":"FT487","agentMobile":"FT4872","agentName":"Agent FT487","locationCode":"HPH09","gracePeriod":"Y","ostPrem":12868.0},"policyOwner":{"clientNumber":"2805363580","clientName":"Client 2805363580","idNumber":"280536358","idIssueDate":"20170430","idIssuePlace":"Cục CS ĐKQL Cư Trú Và DLQG Về Dân Cư","sexCode":"M","birthdate":"19810628","vipInd":"N","phoneNumber":"28053635803","emailAd"[truncated 726 chars]; line: 1, column: 793] (through reference chain: bodyResponseFields.BodyResponse["policyInsureds"]->java.util.ArrayList[0]->bodyResponseFields.PolicyInsured["mcIndicator"])
	at com.fasterxml.jackson.databind.exc.UnrecognizedPropertyException.from(UnrecognizedPropertyException.java:61)
	at com.fasterxml.jackson.databind.DeserializationContext.handleUnknownProperty(DeserializationContext.java:987)
	at com.fasterxml.jackson.databind.deser.std.StdDeserializer.handleUnknownProperty(StdDeserializer.java:1974)
	at com.fasterxml.jackson.databind.deser.BeanDeserializerBase.handleUnknownProperty(BeanDeserializerBase.java:1686)
	at com.fasterxml.jackson.databind.deser.BeanDeserializerBase.handleUnknownVanilla(BeanDeserializerBase.java:1664)
	at com.fasterxml.jackson.databind.deser.BeanDeserializer.vanillaDeserialize(BeanDeserializer.java:330)
	at com.fasterxml.jackson.databind.deser.BeanDeserializer.deserialize(BeanDeserializer.java:187)
	at com.fasterxml.jackson.databind.deser.std.CollectionDeserializer._deserializeFromArray(CollectionDeserializer.java:347)
	at com.fasterxml.jackson.databind.deser.std.CollectionDeserializer.deserialize(CollectionDeserializer.java:244)
	at com.fasterxml.jackson.databind.deser.std.CollectionDeserializer.deserialize(CollectionDeserializer.java:28)
	at com.fasterxml.jackson.databind.deser.impl.FieldProperty.deserializeAndSet(FieldProperty.java:138)
	at com.fasterxml.jackson.databind.deser.BeanDeserializer.vanillaDeserialize(BeanDeserializer.java:324)
	at com.fasterxml.jackson.databind.deser.BeanDeserializer.deserialize(BeanDeserializer.java:187)
	at com.fasterxml.jackson.databind.deser.DefaultDeserializationContext.readRootValue(DefaultDeserializationContext.java:322)
	at com.fasterxml.jackson.databind.ObjectMapper._readMapAndClose(ObjectMapper.java:4593)
	at com.fasterxml.jackson.databind.ObjectMapper.readValue(ObjectMapper.java:3548)
	at com.fasterxml.jackson.databind.ObjectMapper$readValue$2.call(Unknown Source)
	at io.restassured.internal.path.json.mapping.JsonPathJackson2ObjectDeserializer.deserialize(JsonPathJackson2ObjectDeserializer.groovy:46)
	at io.restassured.path.json.mapping.JsonPathObjectDeserializer$deserialize.call(Unknown Source)
	at io.restassured.internal.mapping.Jackson2Mapper.deserialize(Jackson2Mapper.groovy:58)
	at io.restassured.mapper.ObjectMapper$deserialize$0.call(Unknown Source)
	at io.restassured.internal.mapping.ObjectMapping.parseWithJackson2(ObjectMapping.groovy:238)
	at io.restassured.internal.mapping.ObjectMapping$parseWithJackson2$1.callStatic(Unknown Source)
	at io.restassured.internal.mapping.ObjectMapping.deserialize(ObjectMapping.groovy:59)
	at io.restassured.internal.mapping.ObjectMapping$deserialize$0.call(Unknown Source)
	at io.restassured.internal.RestAssuredResponseOptionsGroovyImpl.as(RestAssuredResponseOptionsGroovyImpl.groovy:226)
	at io.restassured.internal.RestAssuredResponseOptionsImpl.as(RestAssuredResponseOptionsImpl.java:169)
	at stepDefinitions.VerifyPOLICY_INS.iCanGetResponseOfPolicyNumber(VerifyPOLICY_INS.java:25)
	at ✽.Given I can get response of policyNumber "2871284582"(src/test/resources/Feature/policyEnquery.feature:86)

| 2871284582 | 2805363580 |  Time elapsed: 0.001 sec  <<< ERROR!
com.fasterxml.jackson.databind.exc.UnrecognizedPropertyException: Unrecognized field "mcIndicator" (class bodyResponseFields.PolicyInsured), not marked as ignorable (6 known properties: "sexCode", "clientNumber", "clientName", "coverages", "birthdate", "idNumber"])
 at [Source: (String)"{"policy":{"policyNumber":"2871284582","excludeInfo":"Question for customer:No data found ","bancaInd":"N","agentCode":"FT487","agentMobile":"FT4872","agentName":"Agent FT487","locationCode":"HPH09","gracePeriod":"Y","ostPrem":12868.0},"policyOwner":{"clientNumber":"2805363580","clientName":"Client 2805363580","idNumber":"280536358","idIssueDate":"20170430","idIssuePlace":"Cục CS ĐKQL Cư Trú Và DLQG Về Dân Cư","sexCode":"M","birthdate":"19810628","vipInd":"N","phoneNumber":"28053635803","emailAd"[truncated 726 chars]; line: 1, column: 793] (through reference chain: bodyResponseFields.BodyResponse["policyInsureds"]->java.util.ArrayList[0]->bodyResponseFields.PolicyInsured["mcIndicator"])
	at com.fasterxml.jackson.databind.exc.UnrecognizedPropertyException.from(UnrecognizedPropertyException.java:61)
	at com.fasterxml.jackson.databind.DeserializationContext.handleUnknownProperty(DeserializationContext.java:987)
	at com.fasterxml.jackson.databind.deser.std.StdDeserializer.handleUnknownProperty(StdDeserializer.java:1974)
	at com.fasterxml.jackson.databind.deser.BeanDeserializerBase.handleUnknownProperty(BeanDeserializerBase.java:1686)
	at com.fasterxml.jackson.databind.deser.BeanDeserializerBase.handleUnknownVanilla(BeanDeserializerBase.java:1664)
	at com.fasterxml.jackson.databind.deser.BeanDeserializer.vanillaDeserialize(BeanDeserializer.java:330)
	at com.fasterxml.jackson.databind.deser.BeanDeserializer.deserialize(BeanDeserializer.java:187)
	at com.fasterxml.jackson.databind.deser.std.CollectionDeserializer._deserializeFromArray(CollectionDeserializer.java:347)
	at com.fasterxml.jackson.databind.deser.std.CollectionDeserializer.deserialize(CollectionDeserializer.java:244)
	at com.fasterxml.jackson.databind.deser.std.CollectionDeserializer.deserialize(CollectionDeserializer.java:28)
	at com.fasterxml.jackson.databind.deser.impl.FieldProperty.deserializeAndSet(FieldProperty.java:138)
	at com.fasterxml.jackson.databind.deser.BeanDeserializer.vanillaDeserialize(BeanDeserializer.java:324)
	at com.fasterxml.jackson.databind.deser.BeanDeserializer.deserialize(BeanDeserializer.java:187)
	at com.fasterxml.jackson.databind.deser.DefaultDeserializationContext.readRootValue(DefaultDeserializationContext.java:322)
	at com.fasterxml.jackson.databind.ObjectMapper._readMapAndClose(ObjectMapper.java:4593)
	at com.fasterxml.jackson.databind.ObjectMapper.readValue(ObjectMapper.java:3548)
	at com.fasterxml.jackson.databind.ObjectMapper$readValue$2.call(Unknown Source)
	at io.restassured.internal.path.json.mapping.JsonPathJackson2ObjectDeserializer.deserialize(JsonPathJackson2ObjectDeserializer.groovy:46)
	at io.restassured.path.json.mapping.JsonPathObjectDeserializer$deserialize.call(Unknown Source)
	at io.restassured.internal.mapping.Jackson2Mapper.deserialize(Jackson2Mapper.groovy:58)
	at io.restassured.mapper.ObjectMapper$deserialize$0.call(Unknown Source)
	at io.restassured.internal.mapping.ObjectMapping.parseWithJackson2(ObjectMapping.groovy:238)
	at io.restassured.internal.mapping.ObjectMapping$parseWithJackson2$1.callStatic(Unknown Source)
	at io.restassured.internal.mapping.ObjectMapping.deserialize(ObjectMapping.groovy:59)
	at io.restassured.internal.mapping.ObjectMapping$deserialize$0.call(Unknown Source)
	at io.restassured.internal.RestAssuredResponseOptionsGroovyImpl.as(RestAssuredResponseOptionsGroovyImpl.groovy:226)
	at io.restassured.internal.RestAssuredResponseOptionsImpl.as(RestAssuredResponseOptionsImpl.java:169)
	at stepDefinitions.VerifyPOLICY_INS.iCanGetResponseOfPolicyNumber(VerifyPOLICY_INS.java:25)
	at ✽.Given I can get response of policyNumber "2871284582"(src/test/resources/Feature/policyEnquery.feature:86)

